\BOOKMARK [1][-]{section.1}{\376\377\000B\000e\000v\000e\000z\000e\000t\000\351\000s}{}% 1
\BOOKMARK [2][-]{subsection.1.1}{\376\377\000A\000\040\000f\000e\000l\000a\000d\000a\000t\000\040\000i\000s\000m\000e\000r\000t\000e\000t\000\351\000s\000e}{section.1}% 2
\BOOKMARK [2][-]{subsection.1.2}{\376\377\000A\000\040\000p\000r\000o\000g\000r\000a\000m\000\040\000f\000u\000n\000k\000c\000i\000\363\000i}{section.1}% 3
\BOOKMARK [2][-]{subsection.1.3}{\376\377\000E\000l\000m\000\351\000l\000e\000t\000i\000\040\000h\000\341\000t\000t\000\351\000r}{section.1}% 4
\BOOKMARK [1][-]{section.2}{\376\377\000T\000e\000r\000v\000e\000z\000\351\000s\000i\000\040\000d\000o\000k\000u\000m\000e\000n\000t\000\341\000c\000i\000\363}{}% 5
\BOOKMARK [2][-]{subsection.2.1}{\376\377\000F\000e\000j\000l\000e\000s\000z\000t\001\121\000i\000\040\000k\000\366\000r\000n\000y\000e\000z\000e\000t}{section.2}% 6
\BOOKMARK [2][-]{subsection.2.2}{\376\377\000C\000s\000o\000m\000a\000g\000s\000t\000r\000u\000k\000t\000\372\000r\000a\000\040\000\351\000s\000\040\000o\000s\000z\000t\000\341\000l\000y\000d\000i\000a\000g\000r\000a\000m}{section.2}% 7
\BOOKMARK [2][-]{subsection.2.3}{\376\377\000A\000l\000g\000o\000r\000i\000t\000m\000u\000s\000o\000k\000\040\000l\000e\000\355\000r\000\341\000s\000a}{section.2}% 8
\BOOKMARK [3][-]{subsubsection.2.3.1}{\376\377\000V\000\341\000z\000a\000\040\000p\000r\000o\000f\000i\000l\000\040\000\351\000s\000\040\000f\000o\000r\000g\000\341\000s\000t\000e\000s\000t\000-\000g\000e\000n\000e\000r\000\341\000l\000\341\000s}{subsection.2.3}% 9
\BOOKMARK [3][-]{subsubsection.2.3.2}{\376\377\000K\000i\000\366\000n\000t\001\121\000\040\000g\000e\000n\000e\000r\000\341\000l\000\341\000s\000a}{subsection.2.3}% 10
\BOOKMARK [3][-]{subsubsection.2.3.3}{\376\377\000F\000o\000g\000a\000n\000t\000y\000\372\000\040\000g\000e\000n\000e\000r\000\341\000l\000\341\000s\000a}{subsection.2.3}% 11
\BOOKMARK [3][-]{subsubsection.2.3.4}{\376\377\000E\000x\000p\000o\000r\000t\000\341\000l\000\341\000s\000\040\000\351\000s\000\040\000i\000m\000p\000o\000r\000t\000\341\000l\000\341\000s}{subsection.2.3}% 12
\BOOKMARK [1][-]{section.3}{\376\377\000F\000e\000l\000h\000a\000s\000z\000n\000\341\000l\000\363\000i\000\040\000d\000o\000k\000u\000m\000e\000n\000t\000\341\000c\000i\000\363}{}% 13
\BOOKMARK [2][-]{subsection.3.1}{\376\377\000T\000e\000l\000e\000p\000\355\000t\000\351\000s}{section.3}% 14
\BOOKMARK [2][-]{subsection.3.2}{\376\377\000F\000u\000t\000t\000a\000t\000\341\000s}{section.3}% 15
\BOOKMARK [2][-]{subsection.3.3}{\376\377\000M\000e\000n\000\374\000s\000t\000r\000u\000k\000t\000\372\000r\000a\000\040\000\351\000s\000\040\000k\000e\000z\000e\000l\001\121\000f\000e\000l\000\374\000l\000e\000t}{section.3}% 16
\BOOKMARK [2][-]{subsection.3.4}{\376\377\000H\000i\000b\000a\000k\000e\000z\000e\000l\000\351\000s}{section.3}% 17
\BOOKMARK [1][-]{section.4}{\376\377\000I\000r\000o\000d\000a\000l\000o\000m\000j\000e\000g\000y\000z\000\351\000k}{}% 18
\BOOKMARK [1][-]{section.5}{\376\377\000M\000e\000l\000l\000\351\000k\000l\000e\000t}{}% 19
\BOOKMARK [2][-]{subsection.5.1}{\376\377\000F\000o\000r\000r\000\341\000s\000k\000\363\000d}{section.5}% 20
\BOOKMARK [2][-]{subsection.5.2}{\376\377\000\311\000r\000t\000\351\000k\000e\000l\001\121\000\040\000l\000a\000p}{section.5}% 21
